warning: use turbofish `collect::<T>()` instead of explicit type annotation
  --> $DIR/main.rs:3:5
   |
LL |     let x: Vec<u32> = data.into_iter().collect();
   |     ^^^^^^^^^^^^^^^^^^^^^^^^^^^^^^^^^^^^^^^^^^^^^
   |
   = note: `#[warn(style_rust_aku)]` on by default
help: use turbofish here
   |
LL -     let x: Vec<u32> = data.into_iter().collect();
LL +     let x = data.into_iter().collect::<Vec<u32>>();
   |

warning: use turbofish `collect::<T>()` instead of explicit type annotation
  --> $DIR/main.rs:10:5
   |
LL |     let mut z: Vec<u32> = data3.into_iter().collect();
   |     ^^^^^^^^^^^^^^^^^^^^^^^^^^^^^^^^^^^^^^^^^^^^^^^^^^
   |
help: use turbofish here
   |
LL -     let mut z: Vec<u32> = data3.into_iter().collect();
LL +     let mut z = data3.into_iter().collect::<Vec<u32>>();
   |

warning: 2 warnings emitted

